<?xml version="1.0" encoding="UTF-8"?>
<testng-results ignored="0" total="7" passed="6" failed="1" skipped="0">
  <reporter-output>
  </reporter-output>
  <suite started-at="2023-07-28T18:24:31 IST" name="Suite" finished-at="2023-07-28T18:27:05 IST" duration-ms="154802">
    <groups>
    </groups>
    <test started-at="2023-07-28T18:24:31 IST" name="Test" finished-at="2023-07-28T18:27:05 IST" duration-ms="154802">
      <class name="Com.healthcare.Testclass.Register_PatientTestclass">
        <test-method is-config="true" signature="LaunchBrowser()[pri:0, instance:Com.healthcare.Testclass.Register_PatientTestclass@66f57048]" started-at="2023-07-28T18:26:07 IST" name="LaunchBrowser" finished-at="2023-07-28T18:26:13 IST" duration-ms="5962" status="PASS">
          <reporter-output>
          </reporter-output>
        </test-method> <!-- LaunchBrowser -->
        <test-method signature="Enroll_Patient()[pri:0, instance:Com.healthcare.Testclass.Register_PatientTestclass@66f57048]" started-at="2023-07-28T18:26:13 IST" name="Enroll_Patient" finished-at="2023-07-28T18:27:02 IST" duration-ms="48879" status="FAIL">
          <exception class="org.openqa.selenium.NoSuchElementException">
            <message>
              <![CDATA[no such element: Unable to locate element: {"method":"xpath","selector":"//title[contains(text(),"Home")]"}
  (Session info: chrome=114.0.5735.248)
For documentation on this error, please visit: https://selenium.dev/exceptions/#no_such_element
Build info: version: '4.9.0', revision: 'd7057100a6'
System info: os.name: 'Windows 10', os.arch: 'amd64', os.version: '10.0', java.version: '19.0.2'
Driver info: org.openqa.selenium.chrome.ChromeDriver
Command: [c43e15d31445e74ac5d3034a0fb2324a, findElement {using=xpath, value=//title[contains(text(),"Home")]}]
Capabilities {acceptInsecureCerts: false, browserName: chrome, browserVersion: 114.0.5735.248, chrome: {chromedriverVersion: 114.0.5735.90 (386bc09e8f4f..., userDataDir: C:\Users\A\AppData\Local\Te...}, goog:chromeOptions: {debuggerAddress: localhost:50530}, networkConnectionEnabled: false, pageLoadStrategy: normal, platformName: WINDOWS, proxy: Proxy(), se:cdp: ws://localhost:50530/devtoo..., se:cdpVersion: 114.0.5735.248, setWindowRect: true, strictFileInteractability: false, timeouts: {implicit: 0, pageLoad: 300000, script: 30000}, unhandledPromptBehavior: dismiss and notify, webauthn:extension:credBlob: true, webauthn:extension:largeBlob: true, webauthn:extension:minPinLength: true, webauthn:extension:prf: true, webauthn:virtualAuthenticators: true}
Session ID: c43e15d31445e74ac5d3034a0fb2324a]]>
            </message>
            <full-stacktrace>
              <![CDATA[org.openqa.selenium.NoSuchElementException: no such element: Unable to locate element: {"method":"xpath","selector":"//title[contains(text(),"Home")]"}
  (Session info: chrome=114.0.5735.248)
For documentation on this error, please visit: https://selenium.dev/exceptions/#no_such_element
Build info: version: '4.9.0', revision: 'd7057100a6'
System info: os.name: 'Windows 10', os.arch: 'amd64', os.version: '10.0', java.version: '19.0.2'
Driver info: org.openqa.selenium.chrome.ChromeDriver
Command: [c43e15d31445e74ac5d3034a0fb2324a, findElement {using=xpath, value=//title[contains(text(),"Home")]}]
Capabilities {acceptInsecureCerts: false, browserName: chrome, browserVersion: 114.0.5735.248, chrome: {chromedriverVersion: 114.0.5735.90 (386bc09e8f4f..., userDataDir: C:\Users\A\AppData\Local\Te...}, goog:chromeOptions: {debuggerAddress: localhost:50530}, networkConnectionEnabled: false, pageLoadStrategy: normal, platformName: WINDOWS, proxy: Proxy(), se:cdp: ws://localhost:50530/devtoo..., se:cdpVersion: 114.0.5735.248, setWindowRect: true, strictFileInteractability: false, timeouts: {implicit: 0, pageLoad: 300000, script: 30000}, unhandledPromptBehavior: dismiss and notify, webauthn:extension:credBlob: true, webauthn:extension:largeBlob: true, webauthn:extension:minPinLength: true, webauthn:extension:prf: true, webauthn:virtualAuthenticators: true}
Session ID: c43e15d31445e74ac5d3034a0fb2324a
at java.base/jdk.internal.reflect.DirectConstructorHandleAccessor.newInstance(DirectConstructorHandleAccessor.java:67)
at java.base/java.lang.reflect.Constructor.newInstanceWithCaller(Constructor.java:500)
at java.base/java.lang.reflect.Constructor.newInstance(Constructor.java:484)
at org.openqa.selenium.remote.codec.w3c.W3CHttpResponseCodec.createException(W3CHttpResponseCodec.java:200)
at org.openqa.selenium.remote.codec.w3c.W3CHttpResponseCodec.decode(W3CHttpResponseCodec.java:133)
at org.openqa.selenium.remote.codec.w3c.W3CHttpResponseCodec.decode(W3CHttpResponseCodec.java:53)
at org.openqa.selenium.remote.HttpCommandExecutor.execute(HttpCommandExecutor.java:193)
at org.openqa.selenium.remote.service.DriverCommandExecutor.invokeExecute(DriverCommandExecutor.java:183)
at org.openqa.selenium.remote.service.DriverCommandExecutor.execute(DriverCommandExecutor.java:158)
at org.openqa.selenium.remote.RemoteWebDriver.execute(RemoteWebDriver.java:543)
at org.openqa.selenium.remote.ElementLocation$ElementFinder$2.findElement(ElementLocation.java:162)
at org.openqa.selenium.remote.ElementLocation.findElement(ElementLocation.java:60)
at org.openqa.selenium.remote.RemoteWebDriver.findElement(RemoteWebDriver.java:352)
at org.openqa.selenium.remote.RemoteWebDriver.findElement(RemoteWebDriver.java:344)
at Com.healthcare.Testclass.Register_PatientTestclass.Enroll_Patient(Register_PatientTestclass.java:67)
at java.base/jdk.internal.reflect.DirectMethodHandleAccessor.invoke(DirectMethodHandleAccessor.java:104)
at java.base/java.lang.reflect.Method.invoke(Method.java:578)
at org.testng.internal.invokers.MethodInvocationHelper.invokeMethod(MethodInvocationHelper.java:139)
at org.testng.internal.invokers.TestInvoker.invokeMethod(TestInvoker.java:677)
at org.testng.internal.invokers.TestInvoker.invokeTestMethod(TestInvoker.java:221)
at org.testng.internal.invokers.MethodRunner.runInSequence(MethodRunner.java:50)
at org.testng.internal.invokers.TestInvoker$MethodInvocationAgent.invoke(TestInvoker.java:969)
at org.testng.internal.invokers.TestInvoker.invokeTestMethods(TestInvoker.java:194)
at org.testng.internal.invokers.TestMethodWorker.invokeTestMethods(TestMethodWorker.java:148)
at org.testng.internal.invokers.TestMethodWorker.run(TestMethodWorker.java:128)
at java.base/java.util.ArrayList.forEach(ArrayList.java:1511)
at org.testng.TestRunner.privateRun(TestRunner.java:829)
at org.testng.TestRunner.run(TestRunner.java:602)
at org.testng.SuiteRunner.runTest(SuiteRunner.java:437)
at org.testng.SuiteRunner.runSequentially(SuiteRunner.java:431)
at org.testng.SuiteRunner.privateRun(SuiteRunner.java:391)
at org.testng.SuiteRunner.run(SuiteRunner.java:330)
at org.testng.SuiteRunnerWorker.runSuite(SuiteRunnerWorker.java:52)
at org.testng.SuiteRunnerWorker.run(SuiteRunnerWorker.java:95)
at org.testng.TestNG.runSuitesSequentially(TestNG.java:1256)
at org.testng.TestNG.runSuitesLocally(TestNG.java:1176)
at org.testng.TestNG.runSuites(TestNG.java:1099)
at org.testng.TestNG.run(TestNG.java:1067)
at org.testng.remote.AbstractRemoteTestNG.run(AbstractRemoteTestNG.java:115)
at org.testng.remote.RemoteTestNG.initAndRun(RemoteTestNG.java:251)
at org.testng.remote.RemoteTestNG.main(RemoteTestNG.java:77)
]]>
            </full-stacktrace>
          </exception> <!-- org.openqa.selenium.NoSuchElementException -->
          <reporter-output>
          </reporter-output>
        </test-method> <!-- Enroll_Patient -->
        <test-method is-config="true" signature="TearDown()[pri:0, instance:Com.healthcare.Testclass.Register_PatientTestclass@66f57048]" started-at="2023-07-28T18:27:02 IST" name="TearDown" finished-at="2023-07-28T18:27:05 IST" duration-ms="3008" status="PASS">
          <reporter-output>
          </reporter-output>
        </test-method> <!-- TearDown -->
      </class> <!-- Com.healthcare.Testclass.Register_PatientTestclass -->
      <class name="Com.healthcare.Testclass.Login_TestClass">
        <test-method is-config="true" signature="LaunchBrowser()[pri:0, instance:Com.healthcare.Testclass.Login_TestClass@5d7148e2]" started-at="2023-07-28T18:24:31 IST" name="LaunchBrowser" finished-at="2023-07-28T18:24:39 IST" duration-ms="8854" status="PASS">
          <reporter-output>
          </reporter-output>
        </test-method> <!-- LaunchBrowser -->
        <test-method signature="Login()[pri:0, instance:Com.healthcare.Testclass.Login_TestClass@5d7148e2]" started-at="2023-07-28T18:24:39 IST" name="Login" finished-at="2023-07-28T18:24:45 IST" duration-ms="5566" status="PASS">
          <reporter-output>
          </reporter-output>
        </test-method> <!-- Login -->
        <test-method is-config="true" signature="TearDown()[pri:0, instance:Com.healthcare.Testclass.Login_TestClass@5d7148e2]" started-at="2023-07-28T18:24:45 IST" name="TearDown" finished-at="2023-07-28T18:24:48 IST" duration-ms="3004" status="PASS">
          <reporter-output>
          </reporter-output>
        </test-method> <!-- TearDown -->
      </class> <!-- Com.healthcare.Testclass.Login_TestClass -->
      <class name="Com.healthcare.Testclass.TC_LoginTest_Data">
        <test-method is-config="true" signature="LaunchBrowser()[pri:0, instance:Com.healthcare.Testclass.TC_LoginTest_Data@2c1b194a]" started-at="2023-07-28T18:24:50 IST" name="LaunchBrowser" finished-at="2023-07-28T18:24:56 IST" duration-ms="5917" status="PASS">
          <reporter-output>
          </reporter-output>
        </test-method> <!-- LaunchBrowser -->
        <test-method signature="Login(java.lang.String,java.lang.String,java.lang.String)[pri:0, instance:Com.healthcare.Testclass.TC_LoginTest_Data@2c1b194a]" started-at="2023-07-28T18:24:56 IST" name="Login" data-provider="Logindata" finished-at="2023-07-28T18:25:02 IST" duration-ms="6104" status="PASS">
          <params>
            <param index="0">
              <value>
                <![CDATA[Admin]]>
              </value>
            </param>
            <param index="1">
              <value>
                <![CDATA[Admin123]]>
              </value>
            </param>
            <param index="2">
              <value>
                <![CDATA[Valid]]>
              </value>
            </param>
          </params>
          <reporter-output>
          </reporter-output>
        </test-method> <!-- Login -->
        <test-method is-config="true" signature="TearDown()[pri:0, instance:Com.healthcare.Testclass.TC_LoginTest_Data@2c1b194a]" started-at="2023-07-28T18:25:02 IST" name="TearDown" finished-at="2023-07-28T18:25:05 IST" duration-ms="3005" status="PASS">
          <reporter-output>
          </reporter-output>
        </test-method> <!-- TearDown -->
        <test-method is-config="true" signature="LaunchBrowser()[pri:0, instance:Com.healthcare.Testclass.TC_LoginTest_Data@2c1b194a]" started-at="2023-07-28T18:25:05 IST" name="LaunchBrowser" finished-at="2023-07-28T18:25:11 IST" duration-ms="5661" status="PASS">
          <reporter-output>
          </reporter-output>
        </test-method> <!-- LaunchBrowser -->
        <test-method signature="Login(java.lang.String,java.lang.String,java.lang.String)[pri:0, instance:Com.healthcare.Testclass.TC_LoginTest_Data@2c1b194a]" started-at="2023-07-28T18:25:11 IST" name="Login" data-provider="Logindata" finished-at="2023-07-28T18:25:16 IST" duration-ms="4531" status="PASS">
          <params>
            <param index="0">
              <value>
                <![CDATA[Adminn]]>
              </value>
            </param>
            <param index="1">
              <value>
                <![CDATA[Admin123]]>
              </value>
            </param>
            <param index="2">
              <value>
                <![CDATA[Invalid]]>
              </value>
            </param>
          </params>
          <reporter-output>
          </reporter-output>
        </test-method> <!-- Login -->
        <test-method is-config="true" signature="TearDown()[pri:0, instance:Com.healthcare.Testclass.TC_LoginTest_Data@2c1b194a]" started-at="2023-07-28T18:25:16 IST" name="TearDown" finished-at="2023-07-28T18:25:19 IST" duration-ms="3008" status="PASS">
          <reporter-output>
          </reporter-output>
        </test-method> <!-- TearDown -->
        <test-method is-config="true" signature="LaunchBrowser()[pri:0, instance:Com.healthcare.Testclass.TC_LoginTest_Data@2c1b194a]" started-at="2023-07-28T18:25:19 IST" name="LaunchBrowser" finished-at="2023-07-28T18:25:25 IST" duration-ms="6496" status="PASS">
          <reporter-output>
          </reporter-output>
        </test-method> <!-- LaunchBrowser -->
        <test-method signature="Login(java.lang.String,java.lang.String,java.lang.String)[pri:0, instance:Com.healthcare.Testclass.TC_LoginTest_Data@2c1b194a]" started-at="2023-07-28T18:25:25 IST" name="Login" data-provider="Logindata" finished-at="2023-07-28T18:25:35 IST" duration-ms="9671" status="PASS">
          <params>
            <param index="0">
              <value>
                <![CDATA[Admin]]>
              </value>
            </param>
            <param index="1">
              <value>
                <![CDATA[Admin12345]]>
              </value>
            </param>
            <param index="2">
              <value>
                <![CDATA[Invalid]]>
              </value>
            </param>
          </params>
          <reporter-output>
          </reporter-output>
        </test-method> <!-- Login -->
        <test-method is-config="true" signature="TearDown()[pri:0, instance:Com.healthcare.Testclass.TC_LoginTest_Data@2c1b194a]" started-at="2023-07-28T18:25:35 IST" name="TearDown" finished-at="2023-07-28T18:25:38 IST" duration-ms="3002" status="PASS">
          <reporter-output>
          </reporter-output>
        </test-method> <!-- TearDown -->
        <test-method is-config="true" signature="LaunchBrowser()[pri:0, instance:Com.healthcare.Testclass.TC_LoginTest_Data@2c1b194a]" started-at="2023-07-28T18:25:38 IST" name="LaunchBrowser" finished-at="2023-07-28T18:25:44 IST" duration-ms="5924" status="PASS">
          <reporter-output>
          </reporter-output>
        </test-method> <!-- LaunchBrowser -->
        <test-method signature="Login(java.lang.String,java.lang.String,java.lang.String)[pri:0, instance:Com.healthcare.Testclass.TC_LoginTest_Data@2c1b194a]" started-at="2023-07-28T18:25:44 IST" name="Login" data-provider="Logindata" finished-at="2023-07-28T18:25:49 IST" duration-ms="5118" status="PASS">
          <params>
            <param index="0">
              <value>
                <![CDATA[Admin12]]>
              </value>
            </param>
            <param index="1">
              <value>
                <![CDATA[Admin12]]>
              </value>
            </param>
            <param index="2">
              <value>
                <![CDATA[Invalid]]>
              </value>
            </param>
          </params>
          <reporter-output>
          </reporter-output>
        </test-method> <!-- Login -->
        <test-method is-config="true" signature="TearDown()[pri:0, instance:Com.healthcare.Testclass.TC_LoginTest_Data@2c1b194a]" started-at="2023-07-28T18:25:49 IST" name="TearDown" finished-at="2023-07-28T18:25:52 IST" duration-ms="3008" status="PASS">
          <reporter-output>
          </reporter-output>
        </test-method> <!-- TearDown -->
      </class> <!-- Com.healthcare.Testclass.TC_LoginTest_Data -->
      <class name="Com.healthcare.Testclass.TestClass_MRS_Broken_links">
        <test-method is-config="true" signature="LaunchBrowser()[pri:0, instance:Com.healthcare.Testclass.TestClass_MRS_Broken_links@4dbb42b7]" started-at="2023-07-28T18:25:52 IST" name="LaunchBrowser" finished-at="2023-07-28T18:26:01 IST" duration-ms="8941" status="PASS">
          <reporter-output>
          </reporter-output>
        </test-method> <!-- LaunchBrowser -->
        <test-method signature="TestMethod()[pri:0, instance:Com.healthcare.Testclass.TestClass_MRS_Broken_links@4dbb42b7]" started-at="2023-07-28T18:26:01 IST" name="TestMethod" finished-at="2023-07-28T18:26:04 IST" duration-ms="3482" status="PASS">
          <reporter-output>
          </reporter-output>
        </test-method> <!-- TestMethod -->
        <test-method is-config="true" signature="TearDown()[pri:0, instance:Com.healthcare.Testclass.TestClass_MRS_Broken_links@4dbb42b7]" started-at="2023-07-28T18:26:04 IST" name="TearDown" finished-at="2023-07-28T18:26:07 IST" duration-ms="3020" status="PASS">
          <reporter-output>
          </reporter-output>
        </test-method> <!-- TearDown -->
      </class> <!-- Com.healthcare.Testclass.TestClass_MRS_Broken_links -->
    </test> <!-- Test -->
  </suite> <!-- Suite -->
</testng-results>
