<?xml version="1.0" encoding="UTF-8"?>
<!-- Generated by org.testng.reporters.JUnitXMLReporter -->
<testsuite ignored="0" hostname="DESKTOP-UPJ4O7I" failures="0" tests="4" name="Default test" time="106.407" errors="0" timestamp="2023-07-28T14:38:27 IST">
  <testcase classname="Com.healthcare.Testclass.TC_LoginTest_Data" name="Login" time="6.54"/>
  <testcase classname="Com.healthcare.Testclass.TC_LoginTest_Data" name="Login" time="9.18"/>
  <testcase classname="Com.healthcare.Testclass.TC_LoginTest_Data" name="Login" time="9.859"/>
  <testcase classname="Com.healthcare.Testclass.TC_LoginTest_Data" name="Login" time="9.079"/>
</testsuite> <!-- Default test -->
